<?xml version="1.0" encoding="UTF-8" ?>
<testsuite tests="6" failures="0" name="MainTest" time="0.001" errors="0" skipped="0">
  <properties>
[...]
</properties>
  <testcase classname="MainTest" name="tooShortPIN" time="0.001"/>
  <testcase classname="MainTest" name="emptyData" time="0"/>
  <testcase classname="MainTest" name="onlyNumbers" time="0"/>
  <testcase classname="MainTest" name="correctPIN" time="0"/>
  <testcase classname="MainTest" name="incorrectPIN" time="0"/>
  <testcase classname="MainTest" name="tooLongPIN" time="0"/>
</testsuite>